This is XeTeX, Version 3.1415926-2.5-0.9999.3 (TeX Live 2013) (format=xelatex 2013.5.30)  8 DEC 2014 22:23
entering extended mode
 restricted \write18 enabled.
 file:line:error style messages enabled.
 %&-line parsing enabled.
**thai.tex
(./thai.tex
LaTeX2e <2011/06/27>
Babel <3.9f> and hyphenation patterns for 78 languages loaded.
(/usr/local/texlive/2013/texmf-dist/tex/latex/base/article.cls
Document Class: article 2007/10/19 v1.4h Standard LaTeX document class
(/usr/local/texlive/2013/texmf-dist/tex/latex/base/size10.clo
File: size10.clo 2007/10/19 v1.4h Standard LaTeX file (size option)
)
\c@part=\count80
\c@section=\count81
\c@subsection=\count82
\c@subsubsection=\count83
\c@paragraph=\count84
\c@subparagraph=\count85
\c@figure=\count86
\c@table=\count87
\abovecaptionskip=\skip41
\belowcaptionskip=\skip42
\bibindent=\dimen102
)
(/usr/local/texlive/2013/texmf-dist/tex/generic/babel/babel.sty
Package: babel 2013/05/16 v3.9f The Babel package

(/usr/local/texlive/2013/texmf-dist/tex/generic/babel-greek/greek.ldf
Language: greek 2013/05/17 v1.4 Greek support from the babel system

(/usr/local/texlive/2013/texmf-dist/tex/generic/babel/babel.def
File: babel.def 2013/05/16 v3.9f Babel common definitions
\babel@savecnt=\count88
\U@D=\dimen103

(/usr/local/texlive/2013/texmf-dist/tex/generic/babel/xebabel.def))
(/usr/local/texlive/2013/texmf-dist/tex/latex/greek-fontenc/lgrenc.def
File: lgrenc.def 2013/05/24 v0.8.2 LGR Greek font encoding definitions
))
(/usr/local/texlive/2013/texmf-dist/tex/generic/babel-spanish/spanish.ldf
Language: spanish.ldf 2010/05/23 v5.0j Spanish support from the babel system
\es@datefmt=\count89
\es@quottoks=\toks14
\es@quotdepth=\count90
Package babel Info: Making " an active character on input line 495.
Package babel Info: Making . an active character on input line 588.
Package babel Info: Making < an active character on input line 633.
Package babel Info: Making > an active character on input line 633.
)
(/usr/local/texlive/2013/texmf-dist/tex/generic/babel-french/frenchb.ldf
Language: frenchb 2013/05/20 v2.6c French support from the babel system
\FB@interchartokenstateORI=\count91
Package frenchb.ldf Info: No need for active punctuation characters 
(frenchb.ldf)             with this version of XeTeX! reported on input line 14
1.
\FB@punctthick=\XeTeXintercharclass4
\FB@punctthin=\XeTeXintercharclass5
\FB@punctnul=\XeTeXintercharclass6
\FB@punctguilo=\XeTeXintercharclass7
\FB@punctguilf=\XeTeXintercharclass8
\FB@Mht=\dimen104
LaTeX Info: Redefining \degres on input line 502.
\std@mcc=\count92
\dec@mcc=\count93
\listindentFB=\skip43
\labelwidthFB=\skip44
\leftmarginFB=\skip45
\parindentFFN=\dimen105
)
(/usr/local/texlive/2013/texmf-dist/tex/generic/babel-russian/russianb.ldf
Language: russian 2013/04/13 1.3a Russian support from the babel system


Package babel Warning: No Cyrillic font encoding has been loaded so far.
(babel)                A font encoding should be declared before babel.
(babel)                Default `EU1' encoding will be loaded  on input line 111
.

(/usr/local/texlive/2013/texmf-dist/tex/latex/euenc/eu1enc.def
File: eu1enc.def 2010/05/27 v0.1h Experimental Unicode font encodings
)
Package babel Info: \cyrdash is defined on input line 183.
)
(/usr/local/texlive/2013/texmf-dist/tex/generic/babel-english/english.ldf
Language: english 2012/08/20 v3.3p English support from the babel system
\l@canadian = a dialect from \language\l@american 
\l@australian = a dialect from \language\l@british 
\l@newzealand = a dialect from \language\l@british 
)
(/usr/local/texlive/2013/texmf-dist/tex/generic/babel-thai/thai.ldf
Language: thai 2013/03/31 v1.8 Thai support from the babel system

Loading the definitions for the Thai font encoding
(/usr/local/texlive/2013/texmf-dist/tex/generic/babel-thai/lthenc.def
File: LTHenc.def 2011/12/26 v1.2 Thai Encoding
)
\th@year=\count94
))
(/usr/local/texlive/2013/texmf-dist/tex/latex/carlisle/scalefnt.sty)
(/usr/local/texlive/2013/texmf-dist/tex/latex/graphics/keyval.sty
Package: keyval 1999/03/16 v1.13 key=value parser (DPC)
\KV@toks@=\toks15
)
(/usr/local/texlive/2013/texmf-dist/tex/latex/base/inputenc.sty
Package: inputenc 2008/03/30 v1.1d Input encoding file
\inpenc@prehook=\toks16
\inpenc@posthook=\toks17

(/usr/local/texlive/2013/texmf-dist/tex/latex/ucs/utf8x.def
File: utf8x.def 2004/10/17 UCS: Input encoding UTF-8
))
(/usr/local/texlive/2013/texmf-dist/tex/latex/ucs/ucs.sty
Package: ucs 2013/05/11 v2.2 UCS: Unicode input support

(/usr/local/texlive/2013/texmf-dist/tex/latex/ucs/data/uni-global.def
File: uni-global.def 2013/05/13 UCS: Unicode global data
)
\uc@secondtry=\count95
\uc@combtoks=\toks18
\uc@combtoksb=\toks19
\uc@temptokena=\toks20
)
(/usr/local/texlive/2013/texmf-dist/tex/latex/fonts-tlwg/fonts-tlwg.sty
Package: fonts-tlwg 2011/10/18 v1.0 Thai TLWG Fonts
LaTeX Info: Redefining \thaitext on input line 30.
LaTeX Info: Redefining \latintext on input line 37.
)
(./thai.aux
LaTeX Font Info:    Try loading font information for LTH+norasi on input line 6
.

(/usr/local/texlive/2013/texmf-dist/tex/latex/fonts-tlwg/lthnorasi.fd
File: lthnorasi.fd 2000/05/09 v1.0 Thai font definitions
)
LaTeX Font Info:    Try loading font information for LGR+cmr on input line 21.

(/usr/local/texlive/2013/texmf-dist/tex/generic/babel-greek/lgrcmr.fd
File: lgrcmr.fd 2008/06/17 v2.3 Greek Computer Modern
))
\openout1 = `thai.aux'.

LaTeX Font Info:    Checking defaults for OML/cmm/m/it on input line 6.
LaTeX Font Info:    ... okay on input line 6.
LaTeX Font Info:    Checking defaults for T1/cmr/m/n on input line 6.
LaTeX Font Info:    ... okay on input line 6.
LaTeX Font Info:    Checking defaults for OT1/cmr/m/n on input line 6.
LaTeX Font Info:    ... okay on input line 6.
LaTeX Font Info:    Checking defaults for OMS/cmsy/m/n on input line 6.
LaTeX Font Info:    ... okay on input line 6.
LaTeX Font Info:    Checking defaults for OMX/cmex/m/n on input line 6.
LaTeX Font Info:    ... okay on input line 6.
LaTeX Font Info:    Checking defaults for U/cmr/m/n on input line 6.
LaTeX Font Info:    ... okay on input line 6.
LaTeX Font Info:    Checking defaults for LGR/cmr/m/n on input line 6.
LaTeX Font Info:    ... okay on input line 6.
LaTeX Font Info:    Checking defaults for EU1/lmr/m/n on input line 6.
LaTeX Font Info:    Try loading font information for EU1+lmr on input line 6.

(/usr/local/texlive/2013/texmf-dist/tex/latex/euenc/eu1lmr.fd
File: eu1lmr.fd 2009/10/30 v1.6 Font defs for Latin Modern
)
LaTeX Font Info:    ... okay on input line 6.
LaTeX Font Info:    Checking defaults for LTH/norasi/m/n on input line 6.
LaTeX Font Info:    ... okay on input line 6.


Package frenchb.ldf Warning: The definition of \@makecaption has been changed,
(frenchb.ldf)                frenchb will NOT customise it;
(frenchb.ldf)                reported on input line 6.

LaTeX Info: Redefining \dots on input line 6.
LaTeX Info: Redefining \up on input line 6.

Package frenchb.ldf Warning: Add \usepackage{xltxtra} to the
(frenchb.ldf)                preamble of your document, on input line 6.

(/usr/local/texlive/2013/texmf-dist/tex/latex/ucs/ucsencs.def
File: ucsencs.def 2011/01/21 Fixes to fontencodings LGR, T3
LGR\textpentedeka already defined.
LGR\textpenteqilioi already defined.
LGR\textpentemuria already defined.
LGR\textstigma already defined.
LGR\textqoppa already defined.
LGR\texteuro already defined.
LGR\textperthousand already defined.
LGR\textquoteleft already defined.
LGR\textquoteright already defined.
LGR\u already defined.
LGR\= already defined.
LGR\" already defined.
LGR\textpercent already defined.
LGR\textperiodcentered already defined.
LGR\' already defined.
LGR\textanoteleia already defined.
LGR\textAlpha already defined.
LGR\textBeta already defined.
LGR\textDelta already defined.
LGR\textEpsilon already defined.
LGR\textPhi already defined.
LGR\textGamma already defined.
LGR\textEta already defined.
LGR\textIota already defined.
LGR\textTheta already defined.
LGR\textKappa already defined.
LGR\textLambda already defined.
LGR\textMu already defined.
LGR\textNu already defined.
LGR\textOmicron already defined.
LGR\textPi already defined.
LGR\textChi already defined.
LGR\textRho already defined.
LGR\textSigma already defined.
LGR\textTau already defined.
LGR\textUpsilon already defined.
LGR\textOmega already defined.
LGR\textXi already defined.
LGR\textPsi already defined.
LGR\textZeta already defined.
LGR\` already defined.
LGR\textalpha already defined.
LGR\textbeta already defined.
LGR\textvarsigma already defined.
LGR\textdelta already defined.
LGR\textepsilon already defined.
LGR\textphi already defined.
LGR\textgamma already defined.
LGR\texteta already defined.
LGR\textiota already defined.
LGR\texttheta already defined.
LGR\textkappa already defined.
LGR\textlambda already defined.
LGR\textmu already defined.
LGR\textnu already defined.
LGR\textomicron already defined.
LGR\textpi already defined.
LGR\textchi already defined.
LGR\textrho already defined.
LGR\textautosigma already defined.
LGR\textsigma already defined.
LGR\texttau already defined.
LGR\textupsilon already defined.
LGR\textomega already defined.
LGR\textxi already defined.
LGR\textpsi already defined.
LGR\textzeta already defined.
LGR\guillemotleft already defined.
LGR\guillemotright already defined.
LGR\~ already defined.
LGR\textemdash already defined.
LGR\textdigamma already defined.
LGR\textDigamma already defined.

fontencoding LGR patched
)
LaTeX Font Info:    External font `cmex10' loaded for size
(Font)              <12> on input line 10.
LaTeX Font Info:    External font `cmex10' loaded for size
(Font)              <8> on input line 10.
LaTeX Font Info:    External font `cmex10' loaded for size
(Font)              <6> on input line 10.


LaTeX Warning: No \author given.

LaTeX Font Info:    Font shape `LTH/norasi/bx/n' in size <14.4> not available
(Font)              Font shape `LTH/norasi/b/n' tried instead on input line 12.

Invalid UTF-8 byte or sequence at line 18 replaced by U+FFFD.
Invalid UTF-8 byte or sequence at line 19 replaced by U+FFFD.
Invalid UTF-8 byte or sequence at line 26 replaced by U+FFFD.
Invalid UTF-8 byte or sequence at line 27 replaced by U+FFFD.
Invalid UTF-8 byte or sequence at line 33 replaced by U+FFFD.
Invalid UTF-8 byte or sequence at line 34 replaced by U+FFFD.
[1

]
LaTeX Font Info:    Try loading font information for EU1+cmr on input line 61.
LaTeX Font Info:    No file EU1cmr.fd. on input line 61.


LaTeX Font Warning: Font shape `EU1/cmr/m/n' undefined
(Font)              using `EU1/lmr/m/n' instead on input line 61.

[2] (./thai.aux)

LaTeX Font Warning: Some font shapes were not available, defaults substituted.

 ) 
Here is how much of TeX's memory you used:
 3043 strings out of 493938
 51097 string characters out of 6148857
 104538 words of memory out of 5000000
 6337 multiletter control sequences out of 15000+600000
 9879 words of font info for 30 fonts, out of 8000000 for 9000
 1144 hyphenation exceptions out of 8191
 24i,6n,27p,399b,235s stack positions out of 5000i,500n,10000p,200000b,80000s

Output written on thai.pdf (2 pages).
